1




                     ********************************************************************************************
                     ********************************************************************************************
                     **                                                                                        **
                     **                                                                                        **
                     **                              A FINITE ELEMENT PROGRAM FOR                              **
                     **                    AUTOMATIC DYNAMIC INCREMENTAL NONLINEAR ANALYSIS                    **
                     **                               --  S T R U C T U R E S  --                              **
                     **                                                                                        **
                     **                                                                                        **
                     **         AAAAAAAAAA    DDDDDDDDD      IIIIIIIIIIII   NN        NN    AAAAAAAAAA         **
                     **        AAAAAAAAAAAA   DDDDDDDDDD     IIIIIIIIIIII   NNN       NN   AAAAAAAAAAAA        **
                     **        AA        AA   DD       DD         II        NNNN      NN   AA        AA        **
                     **        AA        AA   DD        DD        II        NN NN     NN   AA        AA        **
                     **        AA        AA   DD        DD        II        NN  NN    NN   AA        AA        **
                     **        AAAAAAAAAAAA   DD        DD        II        NN   NN   NN   AAAAAAAAAAAA        **
                     **        AAAAAAAAAAAA   DD        DD        II        NN    NN  NN   AAAAAAAAAAAA        **
                     **        AA        AA   DD        DD        II        NN     NN NN   AA        AA        **
                     **        AA        AA   DD        DD        II        NN      NNNN   AA        AA        **
                     **        AA        AA   DD       DD         II        NN       NNN   AA        AA        **
                     **        AA        AA   DDDDDDDDDD     IIIIIIIIIIII   NN        NN   AA        AA        **
                     **        AA        AA   DDDDDDDDD      IIIIIIIIIIII   NN         N   AA        AA        **
                     **                                                                                        **
                     **                                                                                        **
                     **                            VERSION - 9.3.1  (build 04.25.2017)                         **
                     **                                                                                        **
                     **                                                                                        **
                     **                                                                                        **
                     ********************************************************************************************
                     ********************************************************************************************



                           THIS PROGRAM IS IN ITS ENTIRETY PROPRIETARY TO, AND IS SUPPORTED AND MAINTAINED BY 

                                                           ADINA  R&D, Inc.

                                         71 Elton Avenue                      Tel  (617) 926-5199
                                   Watertown, MA 02472, U.S.A.                Fax  (617) 926-0238   
                                                       email...:  support@adina.com 
                                                       web site:  www.adina.com


                                         USAGE  OF  THIS PROGRAM AND THE PROGRAM DOCUMENTATION IS
                                         SUBJECT TO THE CONDITIONS IN THE ADINA LICENSE AGREEMENT


       COPYRIGHT  ADINA R&D,INC., 1987,1990,1992,1994,1999,2000
                                  2001,2002,2003,2004,2005,2006
                                  2007,2008,2009,2010,2011,2012
                                  2013,2014,2015,2016



       ADINA IS A REGISTERED TRADEMARK OF K.J. BATHE.


                        *** ADINA R&D INC. ***
       MAKES NO WARRANTY WHATSOEVER, EXPRESSED OR IMPLIED THAT
       THE PROGRAM AND ITS DOCUMENTATION ARE FREE FROM ERRORS
       AND DEFECTS. IN NO EVENT SHALL ADINA R&D BECOME LIABLE 
       TO THE USER OR ANY PARTY FOR ANY LOSS, INCLUDING BUT NOT
       LIMITED TO, LOSS OF TIME, MONEY OR GOODWILL, WHICH MAY
       ARISE FROM THE USE OF THE PROGRAM AND ITS DOCUMENTATION.


       COMPUTER VERSION:   Windows 64-BIT VERSION                                                       

                        RESTRICTED RIGHTS LEGEND
       USE, DUPLICATION, OR DISCLOSURE OF THE ADINA SYSTEM BY THE
       U.S. GOVERNMENT IS SUBJECT TO RESTRICTIONS AS SET FORTH IN
       SUBPARAGRAPH  (C)(1)(II)  OF  THE RIGHTS IN TECHNICAL DATA 
       AND COMPUTER SOFTWARE CLAUSE AT DFARS 252.227-7013.


Initial ADINA memory allocation  -      16.0 mb  (or       2.0 mw)


          ***********************************************************
          *                                                         *
          *          THIS IS A    LINEAR   STATIC SOLUTION          *
          *                                                         *
          ***********************************************************
1PROGRAM ADINA - VERSION 9.3.1 (build 04.25.2017)    *** NO HEADING DEFINED ***                                                     
 



 S O L U T I O N    B Y    S P A R S E   S O L V E R 



 TOTAL SYSTEM DATA   


     NUMBER OF EQUATIONS . . . . . . . . . . . . .(NEQ)  =         2

     NUMBER OF NON-ZERO MATRIX TERMS. . . . . . . (NZC)  =         3

     MEMORY AVAILABLE FOR STORAGE (in megawords) . . . . =         2


     NUMBER OF PROCESSORS USED. . . . . . . . . (NPROC)  =         1





       M E M O R Y     R E Q U I R E M E N T   (in words)

  ALLOCATED MEMORY BY THE PROGRAM (MSTORE)              =             2000000
  ESTIMATED MEMORY FOR IN-CORE STORAGE .......(IOPTIM=3)=               10572
  ESTIMATED MEMORY FOR K-MATRIX IN-CORE ONLY..(IOPTIM=2)=               10573
  NOTE: WHEN SPARSE SOLVER IS USED - ADDITIONAL MEMORY 
        IS REQUIRED - PLEASE SEE BELOW INFORMATION
        RELATED TO SPARSE SOLVERS.


  MAXIMUM REQUESTED (TEMPORARY) MEMORY (in words)...... =               10572


     IN-CORE STORAGE FLAG . . . . . . . . . . . (IOPTIM)  =         3



*****************************************************************************
Allocated memory for storage of model data . . :      16.0 mb
Memory used for storage of model data. . . . . :       0.1 mb

*****************************************************************************



 *****************************************************************************
 *                                                                           *
 *          <<<<< SPARSE SOLVER INFORMATION >>>>>                            *
 *                                                                           *
 * NUMBER OF NON-ZERO TERMS IN FACTORIZED MATRIX......=                   3  *
 * MEMORY USED BY THE SOLVER (in words)...............=               19235  *
 * TOTAL MEMORY USED BY THE PROGRAM (in words)........=             2019235  *
 *             << IN-CORE SOLUTION >>                                        *
 *****************************************************************************


Memory used by the in-core sparse solver. . :       0.2 mb
Total memory used by the program. . . . . . :      16.2 mb
 

 DIAG ELEMENT (WITH MAX ABS VALUE) OF THE FACTORIZED MATRIX =    0.28846E+10     NODE =         4     DOF = X-TRANSLATION 
 DIAG ELEMENT (WITH MIN ABS VALUE) OF THE FACTORIZED MATRIX =    0.23838E+10     NODE =         4     DOF = Y-TRANSLATION 




 TIMING INFORMATION FOR THE SOLUTION OF EQUATIONS FOR THE FIRST STEP 

 TIME AT ENTERING THE EQUATION SOLVER  . . =      0.04
 TIME AT THE END OF SOLUTION OF EQUATIONS  =      0.04


  STEP NUMBER =         1     ( TIME STEP = 0.10000E+01   SOLUTION TIME = 0.10000E+01 )

    S U M M A T I O N   O F   R E A C T I O N S  (X,Y,Z - GLOBAL COORDINATES)
 
FORCE-X = -9.6154000E+07   FORCE-Y =  2.8871000E-08   FORCE-Z =  0.0000000E+00




       S T R A I N    E N E R G Y =    0.1939243439E+07





===============================================================================
 * * * C R E A T E D    R E S T A R T    F I L E    I N F O R M A T I O N * * * 

 RESTART FILE NAME: C:\Users\ANDRES\Downloads\Elementos Finitos I\Clase 8\Ejemplres
 FILE CREATED ON: 2017.10. 7.
 Program version:  9.3.1
 DATA FILE NAME:  *** NO HEADING DEFINED ***                                    
 NUMBER OF NODES...........=         4   NUMBER OF EQUATIONS........=         2
 TOTAL NUMBER OF ELEMENTS..=         1   NUMBER OF CONTACT EQUATIONS=         0
 NUMBER OF ELEMENT GROUPS..=         1   NO. OF HEAT FLOW EQUATIONS =         0
 NUMBER OF CONTACT GROUPS..=         0   NUMBER OF SUBSTRUCTURES....=         0

1PROGRAM ADINA - VERSION 9.3.1 (build 04.25.2017)    *** NO HEADING DEFINED ***                                                     
 

  R E S T A R T    D A T A    S A V I N G    I N F O R M A T I O N 

 RESTART DATA IS SAVED FOR STEP      1    AT TIME EQUALS  0.100000000000E+01
1PROGRAM ADINA - VERSION 9.3.1 (build 04.25.2017)    *** NO HEADING DEFINED ***                                                     
 

  S O L U T I O N   T I M E   L O G (IN SEC) 

            FOR PROBLEM

  *** NO HEADING DEFINED ***                                                     




 INPUT PHASE  . . . . . . . . . . . . . . . . . .      0.00

 SUBSTRUCTURES INPUT PHASE. . . . . . . . . . . .      0.00

 INITIALIZATIONS. . . . . . . . . . . . . . . . .      0.00

 ASSEMBLAGE OF LINEAR STIFFNESS,EFFECTIVE STIFF- 
 NESS,MASS MATRICES AND LOAD VECTORS . . . . . .       0.01

 FREQUENCY (OR BUCKLING) ANALYSIS . . . . . . . .      0.00

 INITIAL CALCULATIONS FOR MODE SUPERPOSITION     
                      ANALYSIS . . . . . . . . .       0.00

 TRIANGULARIZATION OF LINEAR (EFFECTIVE)         
                      STIFFNESS MATRIX  . . . . .      0.00


 STEP-BY-STEP SOLUTION (         1 TIME STEPS)

   CALCULATION OF EFFECTIVE LOAD VECTORS  . . .        0.00
   UPDATING EFFECTIVE STIFFNESS MATRICES        
   AND RHS VECTOR FOR NONLINEARITIES  . . . . .        0.00
   UPDATING EFFECTIVE STIFFNESS MATRIX FOR      
   CENTRIFUGAL DEFORMATION DEPENDENT LOADING. .        0.00
   MODE SUPERPOSITION . . . . . . . . . . . . .        0.00
   SOLUTION OF EQUATIONS  . . . . . . . . . . .        0.00
   EQUILIBRIUM ITERATIONS (TOTAL) . . . . . . .        0.00
   CALCULATION AND PRINTING OF DISPLACE-        
   MENTS, VELOCITIES, AND ACCELERATIONS . . . .        0.00
   CALCULATION AND PRINTING OF STRESSES . . . .        0.00
   FRACTURE MECHANICS . . . . . . . . . . . . .        0.00

                               STEP-BY-STEP TOTAL. . .       0.01

 CALCULATION AND PRINTING OF SUBSTRUCTURE        
                 INTERNAL RESPONSES  . . . . . . . . .       0.00




 T O T A L   S O L U T I O N   T I M E (SEC) . . . . .       0.03
MEMORY USED BY THE SPARSE SOLVER=    0.0mw (    0.2mb)
TOTAL MEMORY USED BY THE PROGRAM=    0.1mw (    1.0mb)
