1




                     ********************************************************************************************
                     ********************************************************************************************
                     **                                                                                        **
                     **                                                                                        **
                     **                              A FINITE ELEMENT PROGRAM FOR                              **
                     **                    AUTOMATIC DYNAMIC INCREMENTAL NONLINEAR ANALYSIS                    **
                     **                               --  S T R U C T U R E S  --                              **
                     **                                                                                        **
                     **                                                                                        **
                     **         AAAAAAAAAA    DDDDDDDDD      IIIIIIIIIIII   NN        NN    AAAAAAAAAA         **
                     **        AAAAAAAAAAAA   DDDDDDDDDD     IIIIIIIIIIII   NNN       NN   AAAAAAAAAAAA        **
                     **        AA        AA   DD       DD         II        NNNN      NN   AA        AA        **
                     **        AA        AA   DD        DD        II        NN NN     NN   AA        AA        **
                     **        AA        AA   DD        DD        II        NN  NN    NN   AA        AA        **
                     **        AAAAAAAAAAAA   DD        DD        II        NN   NN   NN   AAAAAAAAAAAA        **
                     **        AAAAAAAAAAAA   DD        DD        II        NN    NN  NN   AAAAAAAAAAAA        **
                     **        AA        AA   DD        DD        II        NN     NN NN   AA        AA        **
                     **        AA        AA   DD        DD        II        NN      NNNN   AA        AA        **
                     **        AA        AA   DD       DD         II        NN       NNN   AA        AA        **
                     **        AA        AA   DDDDDDDDDD     IIIIIIIIIIII   NN        NN   AA        AA        **
                     **        AA        AA   DDDDDDDDD      IIIIIIIIIIII   NN         N   AA        AA        **
                     **                                                                                        **
                     **                                                                                        **
                     **                            VERSION - 9.3.1  (build 04.25.2017)                         **
                     **                                                                                        **
                     **                                                                                        **
                     **                                                                                        **
                     ********************************************************************************************
                     ********************************************************************************************



                           THIS PROGRAM IS IN ITS ENTIRETY PROPRIETARY TO, AND IS SUPPORTED AND MAINTAINED BY 

                                                           ADINA  R&D, Inc.

                                         71 Elton Avenue                      Tel  (617) 926-5199
                                   Watertown, MA 02472, U.S.A.                Fax  (617) 926-0238   
                                                       email...:  support@adina.com 
                                                       web site:  www.adina.com


                                         USAGE  OF  THIS PROGRAM AND THE PROGRAM DOCUMENTATION IS
                                         SUBJECT TO THE CONDITIONS IN THE ADINA LICENSE AGREEMENT


       COPYRIGHT  ADINA R&D,INC., 1987,1990,1992,1994,1999,2000
                                  2001,2002,2003,2004,2005,2006
                                  2007,2008,2009,2010,2011,2012
                                  2013,2014,2015,2016



       ADINA IS A REGISTERED TRADEMARK OF K.J. BATHE.


                        *** ADINA R&D INC. ***
       MAKES NO WARRANTY WHATSOEVER, EXPRESSED OR IMPLIED THAT
       THE PROGRAM AND ITS DOCUMENTATION ARE FREE FROM ERRORS
       AND DEFECTS. IN NO EVENT SHALL ADINA R&D BECOME LIABLE 
       TO THE USER OR ANY PARTY FOR ANY LOSS, INCLUDING BUT NOT
       LIMITED TO, LOSS OF TIME, MONEY OR GOODWILL, WHICH MAY
       ARISE FROM THE USE OF THE PROGRAM AND ITS DOCUMENTATION.


       COMPUTER VERSION:   Windows 64-BIT VERSION                                                       

                        RESTRICTED RIGHTS LEGEND
       USE, DUPLICATION, OR DISCLOSURE OF THE ADINA SYSTEM BY THE
       U.S. GOVERNMENT IS SUBJECT TO RESTRICTIONS AS SET FORTH IN
       SUBPARAGRAPH  (C)(1)(II)  OF  THE RIGHTS IN TECHNICAL DATA 
       AND COMPUTER SOFTWARE CLAUSE AT DFARS 252.227-7013.


Initial ADINA memory allocation  -      16.0 mb  (or       2.0 mw)


          ***********************************************************
          *                                                         *
          *          THIS IS A    LINEAR   STATIC SOLUTION          *
          *                                                         *
          ***********************************************************
1PROGRAM ADINA - VERSION 9.3.1 (build 04.25.2017)    *** NO HEADING DEFINED ***                                                     
 



 S O L U T I O N    B Y    S P A R S E   S O L V E R 



 TOTAL SYSTEM DATA   


     NUMBER OF EQUATIONS . . . . . . . . . . . . .(NEQ)  =        33

     NUMBER OF NON-ZERO MATRIX TERMS. . . . . . . (NZC)  =       235

     MEMORY AVAILABLE FOR STORAGE (in megawords) . . . . =         2


     NUMBER OF PROCESSORS USED. . . . . . . . . (NPROC)  =         1





       M E M O R Y     R E Q U I R E M E N T   (in words)

  ALLOCATED MEMORY BY THE PROGRAM (MSTORE)              =             2000000
  ESTIMATED MEMORY FOR IN-CORE STORAGE .......(IOPTIM=3)=               11197
  ESTIMATED MEMORY FOR K-MATRIX IN-CORE ONLY..(IOPTIM=2)=               11197
  NOTE: WHEN SPARSE SOLVER IS USED - ADDITIONAL MEMORY 
        IS REQUIRED - PLEASE SEE BELOW INFORMATION
        RELATED TO SPARSE SOLVERS.


  MAXIMUM REQUESTED (TEMPORARY) MEMORY (in words)...... =               11197


     IN-CORE STORAGE FLAG . . . . . . . . . . . (IOPTIM)  =         3



*****************************************************************************
Allocated memory for storage of model data . . :      16.0 mb
Memory used for storage of model data. . . . . :       0.1 mb

*****************************************************************************



 *****************************************************************************
 *                                                                           *
 *          <<<<< SPARSE SOLVER INFORMATION >>>>>                            *
 *                                                                           *
 * NUMBER OF NON-ZERO TERMS IN FACTORIZED MATRIX......=                 379  *
 * MEMORY USED BY THE SOLVER (in words)...............=               20113  *
 * TOTAL MEMORY USED BY THE PROGRAM (in words)........=             2020113  *
 *             << IN-CORE SOLUTION >>                                        *
 *****************************************************************************


Memory used by the in-core sparse solver. . :       0.2 mb
Total memory used by the program. . . . . . :      16.2 mb
 



                  *** STIFFNESS MATRIX NOT POSITIVE DEFINITE ***

NODE=         1 EQUATION=         1  DOF= Z-TRANSLATION  PIVOT=  0.00000000E+00
NODE=         2 EQUATION=         4  DOF= Z-TRANSLATION  PIVOT=  0.00000000E+00
NODE=         3 EQUATION=         7  DOF= Z-TRANSLATION  PIVOT=  0.00000000E+00
NODE=         4 EQUATION=        10  DOF= Z-TRANSLATION  PIVOT=  0.00000000E+00
NODE=         5 EQUATION=        13  DOF= Z-TRANSLATION  PIVOT=  0.00000000E+00
NODE=         6 EQUATION=        16  DOF= Z-TRANSLATION  PIVOT=  0.00000000E+00
NODE=         7 EQUATION=        19  DOF= Z-TRANSLATION  PIVOT=  0.00000000E+00
NODE=         8 EQUATION=        22  DOF= Z-TRANSLATION  PIVOT=  0.00000000E+00
NODE=         9 EQUATION=        25  DOF= Z-TRANSLATION  PIVOT=  0.00000000E+00

 *** CHECK THE FOLLOWING ***

 (A) BOUNDARY CONDITIONS:
        - BCs MUST PREVENT ALL RIGID BODY DISPLACEMENT OR ROTATION OF THE TOTAL STRUCTURE

 (B) DELETION OF DEGREES-OF-FREEDOM:
        - ALL DOFs WITHOUT ANY STIFFNESS CONTRIBUTION MUST HAVE BEEN DELETED

 (C) ELEMENT GEOMETRY AND CONNECTIVITY:
        - ALL ELEMENTS MUST HAVE BEEN INPUT WITH PROPER NODAL NUMBERS, AS DESCRIBED IN THE MANUALS

 (D) ELEMENT INTEGRATION ORDERS:
        - THE NUMERICAL INTEGRATION ORDER FOR EVALUATION OF ELEMENT MATRICES MUST BE SUFFICIENTLY HIGH

 (E) MATERIAL DATA:
        - ALL MATERIAL DATA MUST BE PHYSICALLY REASONABLE (E.G. YOUNG'S MODULUS MUST BE GREATER THAN ZERO)



 *** STIFFNESS MATRIX NOT POSITIVE DEFINITE ***   
     TOO MANY NEGATIVE PIVOTS HAVE BEEN DETECTED. 

Stiff.matrix not positive definite,wrong boundary conditions or model collapsed
!!!*** ERROR NO. A1002 ***                                                        
 
!!!Stiff.matrix not positive definite,wrong boundary conditions or model collapsed
1PROGRAM ADINA - VERSION 9.3.1 (build 04.25.2017)    *** NO HEADING DEFINED ***                                                     
 

  S O L U T I O N   T I M E   L O G (IN SEC) 

            FOR PROBLEM

  *** NO HEADING DEFINED ***                                                     




 INPUT PHASE  . . . . . . . . . . . . . . . . . .      0.01

 SUBSTRUCTURES INPUT PHASE. . . . . . . . . . . .      0.00

 INITIALIZATIONS. . . . . . . . . . . . . . . . .      0.00

 ASSEMBLAGE OF LINEAR STIFFNESS,EFFECTIVE STIFF- 
 NESS,MASS MATRICES AND LOAD VECTORS . . . . . .       0.01

 FREQUENCY (OR BUCKLING) ANALYSIS . . . . . . . .      0.00

 INITIAL CALCULATIONS FOR MODE SUPERPOSITION     
                      ANALYSIS . . . . . . . . .       0.00

 TRIANGULARIZATION OF LINEAR (EFFECTIVE)         
                      STIFFNESS MATRIX  . . . . .      0.00


 STEP-BY-STEP SOLUTION (         0 TIME STEPS)

   CALCULATION OF EFFECTIVE LOAD VECTORS  . . .        0.00
   UPDATING EFFECTIVE STIFFNESS MATRICES        
   AND RHS VECTOR FOR NONLINEARITIES  . . . . .        0.00
   UPDATING EFFECTIVE STIFFNESS MATRIX FOR      
   CENTRIFUGAL DEFORMATION DEPENDENT LOADING. .        0.00
   MODE SUPERPOSITION . . . . . . . . . . . . .        0.00
   SOLUTION OF EQUATIONS  . . . . . . . . . . .        0.00
   EQUILIBRIUM ITERATIONS (TOTAL) . . . . . . .        0.00
   CALCULATION AND PRINTING OF DISPLACE-        
   MENTS, VELOCITIES, AND ACCELERATIONS . . . .        0.00
   CALCULATION AND PRINTING OF STRESSES . . . .        0.00
   FRACTURE MECHANICS . . . . . . . . . . . . .        0.00

                               STEP-BY-STEP TOTAL. . .       0.06

 CALCULATION AND PRINTING OF SUBSTRUCTURE        
                 INTERNAL RESPONSES  . . . . . . . . .       0.00




 T O T A L   S O L U T I O N   T I M E (SEC) . . . . .       0.10
